# JRE version: OpenJDK Runtime Environment (17.0.6) (build 17.0.6+0-b2043.56-10027231)
# Java VM: OpenJDK 64-Bit Server VM (17.0.6+0-b2043.56-10027231, mixed mode, tiered, compressed oops, compressed class ptrs, g1 gc, windows-amd64)
GC Precious Log:
 CPUs: 12 total, 12 available
 Memory: 15791M
 Large Page Support: Disabled
 NUMA Support: Disabled
 Compressed Oops: Enabled (32-bit)
 Heap Region Size: 1M
 Heap Min Capacity: 8M
 Heap Initial Capacity: 248M
 Heap Max Capacity: 2G
 Pre-touch: Disabled
 Parallel Workers: 10
 Concurrent Workers: 3
 Concurrent Refinement Workers: 10
 Periodic GC: Disabled
Heap:
 garbage-first heap   total 307200K, used 213719K [0x0000000080000000, 0x0000000100000000)
  region size 1024K, 16 young (16384K), 5 survivors (5120K)
 Metaspace       used 128005K, committed 129216K, reserved 1163264K
  class space    used 17190K, committed 17728K, reserved 1048576K
GC Heap History (20 events):
Event: 9.675 GC heap before
{Heap before GC invocations=61 (full 0):
 garbage-first heap   total 270336K, used 225649K [0x0000000080000000, 0x0000000100000000)
  region size 1024K, 67 young (68608K), 4 survivors (4096K)
 Metaspace       used 112626K, committed 113472K, reserved 1146880K
  class space    used 15274K, committed 15680K, reserved 1048576K
}
Event: 9.680 GC heap after
{Heap after GC invocations=62 (full 0):
 garbage-first heap   total 270336K, used 163044K [0x0000000080000000, 0x0000000100000000)
  region size 1024K, 9 young (9216K), 9 survivors (9216K)
 Metaspace       used 112626K, committed 113472K, reserved 1146880K
  class space    used 15274K, committed 15680K, reserved 1048576K
}
Event: 9.702 GC heap before
{Heap before GC invocations=62 (full 0):
 garbage-first heap   total 270336K, used 166116K [0x0000000080000000, 0x0000000100000000)
  region size 1024K, 13 young (13312K), 9 survivors (9216K)
 Metaspace       used 112793K, committed 113600K, reserved 1146880K
  class space    used 15309K, committed 15680K, reserved 1048576K
}
Event: 9.707 GC heap after
{Heap after GC invocations=63 (full 0):
 garbage-first heap   total 270336K, used 164172K [0x0000000080000000, 0x0000000100000000)
  region size 1024K, 2 young (2048K), 2 survivors (2048K)
 Metaspace       used 112793K, committed 113600K, reserved 1146880K
  class space    used 15309K, committed 15680K, reserved 1048576K
}
Event: 10.091 GC heap before
{Heap before GC invocations=63 (full 0):
 garbage-first heap   total 270336K, used 226636K [0x0000000080000000, 0x0000000100000000)
  region size 1024K, 64 young (65536K), 2 survivors (2048K)
 Metaspace       used 113738K, committed 114560K, reserved 1155072K
  class space    used 15424K, committed 15808K, reserved 1048576K
}
Event: 10.094 GC heap after
{Heap after GC invocations=64 (full 0):
 garbage-first heap   total 270336K, used 167188K [0x0000000080000000, 0x0000000100000000)
  region size 1024K, 5 young (5120K), 5 survivors (5120K)
 Metaspace       used 113738K, committed 114560K, reserved 1155072K
  class space    used 15424K, committed 15808K, reserved 1048576K
}
Event: 10.572 GC heap before
{Heap before GC invocations=65 (full 0):
 garbage-first heap   total 293888K, used 226580K [0x0000000080000000, 0x0000000100000000)
  region size 1024K, 64 young (65536K), 5 survivors (5120K)
 Metaspace       used 115239K, committed 116096K, reserved 1155072K
  class space    used 15588K, committed 16000K, reserved 1048576K
}
Event: 10.576 GC heap after
{Heap after GC invocations=66 (full 0):
 garbage-first heap   total 293888K, used 172882K [0x0000000080000000, 0x0000000100000000)
  region size 1024K, 8 young (8192K), 8 survivors (8192K)
 Metaspace       used 115239K, committed 116096K, reserved 1155072K
  class space    used 15588K, committed 16000K, reserved 1048576K
}
Event: 10.967 GC heap before
{Heap before GC invocations=66 (full 0):
 garbage-first heap   total 293888K, used 245586K [0x0000000080000000, 0x0000000100000000)
  region size 1024K, 80 young (81920K), 8 survivors (8192K)
 Metaspace       used 118175K, committed 119104K, reserved 1155072K
  class space    used 15980K, committed 16384K, reserved 1048576K
}
Event: 10.972 GC heap after
{Heap after GC invocations=67 (full 0):
 garbage-first heap   total 293888K, used 177239K [0x0000000080000000, 0x0000000100000000)
  region size 1024K, 5 young (5120K), 5 survivors (5120K)
 Metaspace       used 118175K, committed 119104K, reserved 1155072K
  class space    used 15980K, committed 16384K, reserved 1048576K
}
Event: 12.669 GC heap before
{Heap before GC invocations=68 (full 0):
 garbage-first heap   total 307200K, used 244823K [0x0000000080000000, 0x0000000100000000)
  region size 1024K, 72 young (73728K), 5 survivors (5120K)
 Metaspace       used 124227K, committed 125120K, reserved 1163264K
  class space    used 16744K, committed 17152K, reserved 1048576K
}
Event: 12.675 GC heap after
{Heap after GC invocations=69 (full 0):
 garbage-first heap   total 307200K, used 183041K [0x0000000080000000, 0x0000000100000000)
  region size 1024K, 9 young (9216K), 9 survivors (9216K)
 Metaspace       used 124227K, committed 125120K, reserved 1163264K
  class space    used 16744K, committed 17152K, reserved 1048576K
}
Event: 12.743 GC heap before
{Heap before GC invocations=69 (full 0):
 garbage-first heap   total 307200K, used 188161K [0x0000000080000000, 0x0000000100000000)
  region size 1024K, 15 young (15360K), 9 survivors (9216K)
 Metaspace       used 125500K, committed 126400K, reserved 1163264K
  class space    used 16915K, committed 17344K, reserved 1048576K
}
Event: 12.747 GC heap after
{Heap after GC invocations=70 (full 0):
 garbage-first heap   total 307200K, used 184867K [0x0000000080000000, 0x0000000100000000)
  region size 1024K, 2 young (2048K), 2 survivors (2048K)
 Metaspace       used 125500K, committed 126400K, reserved 1163264K
  class space    used 16915K, committed 17344K, reserved 1048576K
}
Event: 114.959 GC heap before
{Heap before GC invocations=70 (full 0):
 garbage-first heap   total 307200K, used 256547K [0x0000000080000000, 0x0000000100000000)
  region size 1024K, 73 young (74752K), 2 survivors (2048K)
 Metaspace       used 127006K, committed 128000K, reserved 1163264K
  class space    used 17070K, committed 17536K, reserved 1048576K
}
Event: 114.964 GC heap after
{Heap after GC invocations=71 (full 0):
 garbage-first heap   total 307200K, used 191076K [0x0000000080000000, 0x0000000100000000)
  region size 1024K, 8 young (8192K), 8 survivors (8192K)
 Metaspace       used 127006K, committed 128000K, reserved 1163264K
  class space    used 17070K, committed 17536K, reserved 1048576K
}
Event: 115.372 GC heap before
{Heap before GC invocations=71 (full 0):
 garbage-first heap   total 307200K, used 257636K [0x0000000080000000, 0x0000000100000000)
  region size 1024K, 74 young (75776K), 8 survivors (8192K)
 Metaspace       used 127257K, committed 128256K, reserved 1163264K
  class space    used 17080K, committed 17536K, reserved 1048576K
}
Event: 115.379 GC heap after
{Heap after GC invocations=72 (full 0):
 garbage-first heap   total 307200K, used 199320K [0x0000000080000000, 0x0000000100000000)
  region size 1024K, 9 young (9216K), 9 survivors (9216K)
 Metaspace       used 127257K, committed 128256K, reserved 1163264K
  class space    used 17080K, committed 17536K, reserved 1048576K
}
Event: 123.648 GC heap before
{Heap before GC invocations=72 (full 0):
 garbage-first heap   total 307200K, used 255640K [0x0000000080000000, 0x0000000100000000)
  region size 1024K, 65 young (66560K), 9 survivors (9216K)
 Metaspace       used 127889K, committed 129024K, reserved 1163264K
  class space    used 17179K, committed 17728K, reserved 1048576K
}
Event: 123.655 GC heap after
{Heap after GC invocations=73 (full 0):
 garbage-first heap   total 307200K, used 204503K [0x0000000080000000, 0x0000000100000000)
  region size 1024K, 5 young (5120K), 5 survivors (5120K)
 Metaspace       used 127889K, committed 129024K, reserved 1163264K
  class space    used 17179K, committed 17728K, reserved 1048576K
}

