# JRE version: OpenJDK Runtime Environment (17.0.6) (build 17.0.6+0-b2043.56-10027231)
# Java VM: OpenJDK 64-Bit Server VM (17.0.6+0-b2043.56-10027231, mixed mode, tiered, compressed oops, compressed class ptrs, g1 gc, windows-amd64)
GC Precious Log:
 CPUs: 12 total, 12 available
 Memory: 15791M
 Large Page Support: Disabled
 NUMA Support: Disabled
 Compressed Oops: Enabled (32-bit)
 Heap Region Size: 1M
 Heap Min Capacity: 8M
 Heap Initial Capacity: 248M
 Heap Max Capacity: 2G
 Pre-touch: Disabled
 Parallel Workers: 10
 Concurrent Workers: 3
 Concurrent Refinement Workers: 10
 Periodic GC: Disabled
Heap:
 garbage-first heap   total 324608K, used 239141K [0x0000000080000000, 0x0000000100000000)
  region size 1024K, 35 young (35840K), 5 survivors (5120K)
 Metaspace       used 119509K, committed 120576K, reserved 1155072K
  class space    used 16169K, committed 16704K, reserved 1048576K
GC Heap History (20 events):
Event: 8.830 GC heap before
{Heap before GC invocations=56 (full 0):
 garbage-first heap   total 285696K, used 218195K [0x0000000080000000, 0x0000000100000000)
  region size 1024K, 58 young (59392K), 4 survivors (4096K)
 Metaspace       used 103457K, committed 104320K, reserved 1146880K
  class space    used 13987K, committed 14400K, reserved 1048576K
}
Event: 8.834 GC heap after
{Heap after GC invocations=57 (full 0):
 garbage-first heap   total 285696K, used 167930K [0x0000000080000000, 0x0000000100000000)
  region size 1024K, 8 young (8192K), 8 survivors (8192K)
 Metaspace       used 103457K, committed 104320K, reserved 1146880K
  class space    used 13987K, committed 14400K, reserved 1048576K
}
Event: 8.851 GC heap before
{Heap before GC invocations=57 (full 0):
 garbage-first heap   total 285696K, used 173050K [0x0000000080000000, 0x0000000100000000)
  region size 1024K, 13 young (13312K), 8 survivors (8192K)
 Metaspace       used 103533K, committed 104384K, reserved 1146880K
  class space    used 13998K, committed 14400K, reserved 1048576K
}
Event: 8.856 GC heap after
{Heap after GC invocations=58 (full 0):
 garbage-first heap   total 285696K, used 169110K [0x0000000080000000, 0x0000000100000000)
  region size 1024K, 2 young (2048K), 2 survivors (2048K)
 Metaspace       used 103533K, committed 104384K, reserved 1146880K
  class space    used 13998K, committed 14400K, reserved 1048576K
}
Event: 9.201 GC heap before
{Heap before GC invocations=58 (full 0):
 garbage-first heap   total 285696K, used 236694K [0x0000000080000000, 0x0000000100000000)
  region size 1024K, 69 young (70656K), 2 survivors (2048K)
 Metaspace       used 107878K, committed 108800K, reserved 1146880K
  class space    used 14587K, committed 14976K, reserved 1048576K
}
Event: 9.204 GC heap after
{Heap after GC invocations=59 (full 0):
 garbage-first heap   total 285696K, used 171359K [0x0000000080000000, 0x0000000100000000)
  region size 1024K, 4 young (4096K), 4 survivors (4096K)
 Metaspace       used 107878K, committed 108800K, reserved 1146880K
  class space    used 14587K, committed 14976K, reserved 1048576K
}
Event: 17.264 GC heap before
{Heap before GC invocations=59 (full 0):
 garbage-first heap   total 285696K, used 242015K [0x0000000080000000, 0x0000000100000000)
  region size 1024K, 73 young (74752K), 4 survivors (4096K)
 Metaspace       used 113074K, committed 113984K, reserved 1155072K
  class space    used 15277K, committed 15744K, reserved 1048576K
}
Event: 17.269 GC heap after
{Heap after GC invocations=60 (full 0):
 garbage-first heap   total 285696K, used 177863K [0x0000000080000000, 0x0000000100000000)
  region size 1024K, 10 young (10240K), 10 survivors (10240K)
 Metaspace       used 113074K, committed 113984K, reserved 1155072K
  class space    used 15277K, committed 15744K, reserved 1048576K
}
Event: 17.758 GC heap before
{Heap before GC invocations=60 (full 0):
 garbage-first heap   total 285696K, used 240327K [0x0000000080000000, 0x0000000100000000)
  region size 1024K, 72 young (73728K), 10 survivors (10240K)
 Metaspace       used 114696K, committed 115712K, reserved 1155072K
  class space    used 15469K, committed 15936K, reserved 1048576K
}
Event: 17.766 GC heap after
{Heap after GC invocations=61 (full 0):
 garbage-first heap   total 285696K, used 185689K [0x0000000080000000, 0x0000000100000000)
  region size 1024K, 9 young (9216K), 9 survivors (9216K)
 Metaspace       used 114696K, committed 115712K, reserved 1155072K
  class space    used 15469K, committed 15936K, reserved 1048576K
}
Event: 18.044 GC heap before
{Heap before GC invocations=62 (full 0):
 garbage-first heap   total 324608K, used 238937K [0x0000000080000000, 0x0000000100000000)
  region size 1024K, 61 young (62464K), 9 survivors (9216K)
 Metaspace       used 115554K, committed 116544K, reserved 1155072K
  class space    used 15577K, committed 16064K, reserved 1048576K
}
Event: 18.050 GC heap after
{Heap after GC invocations=63 (full 0):
 garbage-first heap   total 324608K, used 193206K [0x0000000080000000, 0x0000000100000000)
  region size 1024K, 8 young (8192K), 8 survivors (8192K)
 Metaspace       used 115554K, committed 116544K, reserved 1155072K
  class space    used 15577K, committed 16064K, reserved 1048576K
}
Event: 18.080 GC heap before
{Heap before GC invocations=63 (full 0):
 garbage-first heap   total 324608K, used 200374K [0x0000000080000000, 0x0000000100000000)
  region size 1024K, 15 young (15360K), 8 survivors (8192K)
 Metaspace       used 115565K, committed 116544K, reserved 1155072K
  class space    used 15578K, committed 16064K, reserved 1048576K
}
Event: 18.084 GC heap after
{Heap after GC invocations=64 (full 0):
 garbage-first heap   total 324608K, used 194551K [0x0000000080000000, 0x0000000100000000)
  region size 1024K, 2 young (2048K), 2 survivors (2048K)
 Metaspace       used 115565K, committed 116544K, reserved 1155072K
  class space    used 15578K, committed 16064K, reserved 1048576K
}
Event: 18.388 GC heap before
{Heap before GC invocations=64 (full 0):
 garbage-first heap   total 324608K, used 269303K [0x0000000080000000, 0x0000000100000000)
  region size 1024K, 76 young (77824K), 2 survivors (2048K)
 Metaspace       used 116478K, committed 117440K, reserved 1155072K
  class space    used 15740K, committed 16192K, reserved 1048576K
}
Event: 18.394 GC heap after
{Heap after GC invocations=65 (full 0):
 garbage-first heap   total 324608K, used 200698K [0x0000000080000000, 0x0000000100000000)
  region size 1024K, 8 young (8192K), 8 survivors (8192K)
 Metaspace       used 116478K, committed 117440K, reserved 1155072K
  class space    used 15740K, committed 16192K, reserved 1048576K
}
Event: 18.588 GC heap before
{Heap before GC invocations=65 (full 0):
 garbage-first heap   total 324608K, used 269306K [0x0000000080000000, 0x0000000100000000)
  region size 1024K, 76 young (77824K), 8 survivors (8192K)
 Metaspace       used 116983K, committed 117952K, reserved 1155072K
  class space    used 15820K, committed 16256K, reserved 1048576K
}
Event: 18.595 GC heap after
{Heap after GC invocations=66 (full 0):
 garbage-first heap   total 324608K, used 205921K [0x0000000080000000, 0x0000000100000000)
  region size 1024K, 6 young (6144K), 6 survivors (6144K)
 Metaspace       used 116983K, committed 117952K, reserved 1155072K
  class space    used 15820K, committed 16256K, reserved 1048576K
}
Event: 18.735 GC heap before
{Heap before GC invocations=66 (full 0):
 garbage-first heap   total 324608K, used 271457K [0x0000000080000000, 0x0000000100000000)
  region size 1024K, 71 young (72704K), 6 survivors (6144K)
 Metaspace       used 118555K, committed 119616K, reserved 1155072K
  class space    used 16027K, committed 16576K, reserved 1048576K
}
Event: 18.741 GC heap after
{Heap after GC invocations=67 (full 0):
 garbage-first heap   total 324608K, used 210469K [0x0000000080000000, 0x0000000100000000)
  region size 1024K, 5 young (5120K), 5 survivors (5120K)
 Metaspace       used 118555K, committed 119616K, reserved 1155072K
  class space    used 16027K, committed 16576K, reserved 1048576K
}

