# JRE version: OpenJDK Runtime Environment (17.0.6) (build 17.0.6+0-b2043.56-10027231)
# Java VM: OpenJDK 64-Bit Server VM (17.0.6+0-b2043.56-10027231, mixed mode, tiered, compressed oops, compressed class ptrs, g1 gc, windows-amd64)
GC Precious Log:
 CPUs: 12 total, 12 available
 Memory: 15791M
 Large Page Support: Disabled
 NUMA Support: Disabled
 Compressed Oops: Enabled (32-bit)
 Heap Region Size: 1M
 Heap Min Capacity: 8M
 Heap Initial Capacity: 248M
 Heap Max Capacity: 2G
 Pre-touch: Disabled
 Parallel Workers: 10
 Concurrent Workers: 3
 Concurrent Refinement Workers: 10
 Periodic GC: Disabled
Heap:
 garbage-first heap   total 352256K, used 207198K [0x0000000080000000, 0x0000000100000000)
  region size 1024K, 104 young (106496K), 3 survivors (3072K)
 Metaspace       used 76542K, committed 77248K, reserved 1122304K
  class space    used 10257K, committed 10560K, reserved 1048576K
GC Heap History (20 events):
Event: 4.038 GC heap before
{Heap before GC invocations=25 (full 0):
 garbage-first heap   total 129024K, used 72122K [0x0000000080000000, 0x0000000100000000)
  region size 1024K, 7 young (7168K), 5 survivors (5120K)
 Metaspace       used 55674K, committed 56256K, reserved 1097728K
  class space    used 7465K, committed 7744K, reserved 1048576K
}
Event: 4.040 GC heap after
{Heap after GC invocations=26 (full 0):
 garbage-first heap   total 129024K, used 71502K [0x0000000080000000, 0x0000000100000000)
  region size 1024K, 3 young (3072K), 3 survivors (3072K)
 Metaspace       used 55674K, committed 56256K, reserved 1097728K
  class space    used 7465K, committed 7744K, reserved 1048576K
}
Event: 4.198 GC heap before
{Heap before GC invocations=27 (full 0):
 garbage-first heap   total 133120K, used 114510K [0x0000000080000000, 0x0000000100000000)
  region size 1024K, 33 young (33792K), 3 survivors (3072K)
 Metaspace       used 57253K, committed 57920K, reserved 1105920K
  class space    used 7666K, committed 7936K, reserved 1048576K
}
Event: 4.201 GC heap after
{Heap after GC invocations=28 (full 0):
 garbage-first heap   total 133120K, used 91732K [0x0000000080000000, 0x0000000100000000)
  region size 1024K, 5 young (5120K), 5 survivors (5120K)
 Metaspace       used 57253K, committed 57920K, reserved 1105920K
  class space    used 7666K, committed 7936K, reserved 1048576K
}
Event: 4.210 GC heap before
{Heap before GC invocations=28 (full 0):
 garbage-first heap   total 133120K, used 92756K [0x0000000080000000, 0x0000000100000000)
  region size 1024K, 6 young (6144K), 5 survivors (5120K)
 Metaspace       used 57346K, committed 57984K, reserved 1105920K
  class space    used 7683K, committed 7936K, reserved 1048576K
}
Event: 4.212 GC heap after
{Heap after GC invocations=29 (full 0):
 garbage-first heap   total 159744K, used 92270K [0x0000000080000000, 0x0000000100000000)
  region size 1024K, 1 young (1024K), 1 survivors (1024K)
 Metaspace       used 57346K, committed 57984K, reserved 1105920K
  class space    used 7683K, committed 7936K, reserved 1048576K
}
Event: 4.446 GC heap before
{Heap before GC invocations=29 (full 0):
 garbage-first heap   total 159744K, used 124014K [0x0000000080000000, 0x0000000100000000)
  region size 1024K, 32 young (32768K), 1 survivors (1024K)
 Metaspace       used 60570K, committed 61184K, reserved 1105920K
  class space    used 8091K, committed 8384K, reserved 1048576K
}
Event: 4.447 GC heap after
{Heap after GC invocations=30 (full 0):
 garbage-first heap   total 159744K, used 92873K [0x0000000080000000, 0x0000000100000000)
  region size 1024K, 1 young (1024K), 1 survivors (1024K)
 Metaspace       used 60570K, committed 61184K, reserved 1105920K
  class space    used 8091K, committed 8384K, reserved 1048576K
}
Event: 4.750 GC heap before
{Heap before GC invocations=31 (full 0):
 garbage-first heap   total 162816K, used 126665K [0x0000000080000000, 0x0000000100000000)
  region size 1024K, 34 young (34816K), 1 survivors (1024K)
 Metaspace       used 65029K, committed 65664K, reserved 1105920K
  class space    used 8735K, committed 9024K, reserved 1048576K
}
Event: 4.752 GC heap after
{Heap after GC invocations=32 (full 0):
 garbage-first heap   total 162816K, used 94243K [0x0000000080000000, 0x0000000100000000)
  region size 1024K, 3 young (3072K), 3 survivors (3072K)
 Metaspace       used 65029K, committed 65664K, reserved 1105920K
  class space    used 8735K, committed 9024K, reserved 1048576K
}
Event: 4.769 GC heap before
{Heap before GC invocations=32 (full 0):
 garbage-first heap   total 162816K, used 97315K [0x0000000080000000, 0x0000000100000000)
  region size 1024K, 7 young (7168K), 3 survivors (3072K)
 Metaspace       used 65321K, committed 65984K, reserved 1105920K
  class space    used 8775K, committed 9088K, reserved 1048576K
}
Event: 4.771 GC heap after
{Heap after GC invocations=33 (full 0):
 garbage-first heap   total 162816K, used 94747K [0x0000000080000000, 0x0000000100000000)
  region size 1024K, 1 young (1024K), 1 survivors (1024K)
 Metaspace       used 65321K, committed 65984K, reserved 1105920K
  class space    used 8775K, committed 9088K, reserved 1048576K
}
Event: 4.830 GC heap before
{Heap before GC invocations=33 (full 0):
 garbage-first heap   total 162816K, used 98843K [0x0000000080000000, 0x0000000100000000)
  region size 1024K, 6 young (6144K), 1 survivors (1024K)
 Metaspace       used 66603K, committed 67264K, reserved 1114112K
  class space    used 8914K, committed 9216K, reserved 1048576K
}
Event: 4.831 GC heap after
{Heap after GC invocations=34 (full 0):
 garbage-first heap   total 162816K, used 95258K [0x0000000080000000, 0x0000000100000000)
  region size 1024K, 2 young (2048K), 2 survivors (2048K)
 Metaspace       used 66603K, committed 67264K, reserved 1114112K
  class space    used 8914K, committed 9216K, reserved 1048576K
}
Event: 5.048 GC heap before
{Heap before GC invocations=35 (full 0):
 garbage-first heap   total 181248K, used 137242K [0x0000000080000000, 0x0000000100000000)
  region size 1024K, 37 young (37888K), 2 survivors (2048K)
 Metaspace       used 68512K, committed 69184K, reserved 1114112K
  class space    used 9178K, committed 9472K, reserved 1048576K
}
Event: 5.050 GC heap after
{Heap after GC invocations=36 (full 0):
 garbage-first heap   total 181248K, used 98558K [0x0000000080000000, 0x0000000100000000)
  region size 1024K, 5 young (5120K), 5 survivors (5120K)
 Metaspace       used 68512K, committed 69184K, reserved 1114112K
  class space    used 9178K, committed 9472K, reserved 1048576K
}
Event: 5.073 GC heap before
{Heap before GC invocations=36 (full 0):
 garbage-first heap   total 181248K, used 101630K [0x0000000080000000, 0x0000000100000000)
  region size 1024K, 8 young (8192K), 5 survivors (5120K)
 Metaspace       used 68749K, committed 69376K, reserved 1114112K
  class space    used 9211K, committed 9472K, reserved 1048576K
}
Event: 5.075 GC heap after
{Heap after GC invocations=37 (full 0):
 garbage-first heap   total 181248K, used 99015K [0x0000000080000000, 0x0000000100000000)
  region size 1024K, 1 young (1024K), 1 survivors (1024K)
 Metaspace       used 68749K, committed 69376K, reserved 1114112K
  class space    used 9211K, committed 9472K, reserved 1048576K
}
Event: 5.381 GC heap before
{Heap before GC invocations=37 (full 0):
 garbage-first heap   total 181248K, used 140999K [0x0000000080000000, 0x0000000100000000)
  region size 1024K, 42 young (43008K), 1 survivors (1024K)
 Metaspace       used 72138K, committed 72768K, reserved 1114112K
  class space    used 9672K, committed 9984K, reserved 1048576K
}
Event: 5.384 GC heap after
{Heap after GC invocations=38 (full 0):
 garbage-first heap   total 352256K, used 100702K [0x0000000080000000, 0x0000000100000000)
  region size 1024K, 3 young (3072K), 3 survivors (3072K)
 Metaspace       used 72138K, committed 72768K, reserved 1114112K
  class space    used 9672K, committed 9984K, reserved 1048576K
}

