# JRE version: OpenJDK Runtime Environment (17.0.6) (build 17.0.6+0-b2043.56-10027231)
# Java VM: OpenJDK 64-Bit Server VM (17.0.6+0-b2043.56-10027231, mixed mode, tiered, compressed oops, compressed class ptrs, g1 gc, windows-amd64)
GC Precious Log:
 CPUs: 12 total, 12 available
 Memory: 15791M
 Large Page Support: Disabled
 NUMA Support: Disabled
 Compressed Oops: Enabled (32-bit)
 Heap Region Size: 1M
 Heap Min Capacity: 8M
 Heap Initial Capacity: 248M
 Heap Max Capacity: 2G
 Pre-touch: Disabled
 Parallel Workers: 10
 Concurrent Workers: 3
 Concurrent Refinement Workers: 10
 Periodic GC: Disabled
Heap:
 garbage-first heap   total 371712K, used 148100K [0x0000000080000000, 0x0000000100000000)
  region size 1024K, 61 young (62464K), 3 survivors (3072K)
 Metaspace       used 89537K, committed 90240K, reserved 1130496K
  class space    used 12280K, committed 12608K, reserved 1048576K
GC Heap History (20 events):
Event: 5.090 GC heap before
{Heap before GC invocations=35 (full 0):
 garbage-first heap   total 125952K, used 72755K [0x0000000080000000, 0x0000000100000000)
  region size 1024K, 9 young (9216K), 4 survivors (4096K)
 Metaspace       used 70266K, committed 70848K, reserved 1114112K
  class space    used 9364K, committed 9600K, reserved 1048576K
}
Event: 5.092 GC heap after
{Heap after GC invocations=36 (full 0):
 garbage-first heap   total 125952K, used 69028K [0x0000000080000000, 0x0000000100000000)
  region size 1024K, 3 young (3072K), 3 survivors (3072K)
 Metaspace       used 70266K, committed 70848K, reserved 1114112K
  class space    used 9364K, committed 9600K, reserved 1048576K
}
Event: 5.283 GC heap before
{Heap before GC invocations=37 (full 0):
 garbage-first heap   total 130048K, used 102820K [0x0000000080000000, 0x0000000100000000)
  region size 1024K, 32 young (32768K), 3 survivors (3072K)
 Metaspace       used 71498K, committed 72064K, reserved 1114112K
  class space    used 9522K, committed 9792K, reserved 1048576K
}
Event: 5.285 GC heap after
{Heap after GC invocations=38 (full 0):
 garbage-first heap   total 130048K, used 75995K [0x0000000080000000, 0x0000000100000000)
  region size 1024K, 4 young (4096K), 4 survivors (4096K)
 Metaspace       used 71498K, committed 72064K, reserved 1114112K
  class space    used 9522K, committed 9792K, reserved 1048576K
}
Event: 5.300 GC heap before
{Heap before GC invocations=38 (full 0):
 garbage-first heap   total 130048K, used 78043K [0x0000000080000000, 0x0000000100000000)
  region size 1024K, 6 young (6144K), 4 survivors (4096K)
 Metaspace       used 71523K, committed 72128K, reserved 1114112K
  class space    used 9526K, committed 9792K, reserved 1048576K
}
Event: 5.304 GC heap after
{Heap after GC invocations=39 (full 0):
 garbage-first heap   total 164864K, used 76576K [0x0000000080000000, 0x0000000100000000)
  region size 1024K, 1 young (1024K), 1 survivors (1024K)
 Metaspace       used 71523K, committed 72128K, reserved 1114112K
  class space    used 9526K, committed 9792K, reserved 1048576K
}
Event: 5.542 GC heap before
{Heap before GC invocations=39 (full 0):
 garbage-first heap   total 164864K, used 123680K [0x0000000080000000, 0x0000000100000000)
  region size 1024K, 47 young (48128K), 1 survivors (1024K)
 Metaspace       used 72990K, committed 73600K, reserved 1114112K
  class space    used 9728K, committed 9984K, reserved 1048576K
}
Event: 5.544 GC heap after
{Heap after GC invocations=40 (full 0):
 garbage-first heap   total 164864K, used 78981K [0x0000000080000000, 0x0000000100000000)
  region size 1024K, 4 young (4096K), 4 survivors (4096K)
 Metaspace       used 72990K, committed 73600K, reserved 1114112K
  class space    used 9728K, committed 9984K, reserved 1048576K
}
Event: 5.863 GC heap before
{Heap before GC invocations=41 (full 0):
 garbage-first heap   total 164864K, used 129157K [0x0000000080000000, 0x0000000100000000)
  region size 1024K, 52 young (53248K), 4 survivors (4096K)
 Metaspace       used 76680K, committed 77376K, reserved 1122304K
  class space    used 10422K, committed 10752K, reserved 1048576K
}
Event: 5.865 GC heap after
{Heap after GC invocations=42 (full 0):
 garbage-first heap   total 164864K, used 80915K [0x0000000080000000, 0x0000000100000000)
  region size 1024K, 6 young (6144K), 6 survivors (6144K)
 Metaspace       used 76680K, committed 77376K, reserved 1122304K
  class space    used 10422K, committed 10752K, reserved 1048576K
}
Event: 5.877 GC heap before
{Heap before GC invocations=42 (full 0):
 garbage-first heap   total 164864K, used 81939K [0x0000000080000000, 0x0000000100000000)
  region size 1024K, 8 young (8192K), 6 survivors (6144K)
 Metaspace       used 76844K, committed 77504K, reserved 1122304K
  class space    used 10450K, committed 10752K, reserved 1048576K
}
Event: 5.880 GC heap after
{Heap after GC invocations=43 (full 0):
 garbage-first heap   total 164864K, used 81204K [0x0000000080000000, 0x0000000100000000)
  region size 1024K, 1 young (1024K), 1 survivors (1024K)
 Metaspace       used 76844K, committed 77504K, reserved 1122304K
  class space    used 10450K, committed 10752K, reserved 1048576K
}
Event: 6.150 GC heap before
{Heap before GC invocations=43 (full 0):
 garbage-first heap   total 164864K, used 131380K [0x0000000080000000, 0x0000000100000000)
  region size 1024K, 50 young (51200K), 1 survivors (1024K)
 Metaspace       used 79282K, committed 79872K, reserved 1122304K
  class space    used 10802K, committed 11072K, reserved 1048576K
}
Event: 6.152 GC heap after
{Heap after GC invocations=44 (full 0):
 garbage-first heap   total 164864K, used 83716K [0x0000000080000000, 0x0000000100000000)
  region size 1024K, 4 young (4096K), 4 survivors (4096K)
 Metaspace       used 79282K, committed 79872K, reserved 1122304K
  class space    used 10802K, committed 11072K, reserved 1048576K
}
Event: 6.526 GC heap before
{Heap before GC invocations=45 (full 0):
 garbage-first heap   total 164864K, used 131844K [0x0000000080000000, 0x0000000100000000)
  region size 1024K, 51 young (52224K), 4 survivors (4096K)
 Metaspace       used 82252K, committed 82880K, reserved 1122304K
  class space    used 11227K, committed 11520K, reserved 1048576K
}
Event: 6.531 GC heap after
{Heap after GC invocations=46 (full 0):
 garbage-first heap   total 164864K, used 87526K [0x0000000080000000, 0x0000000100000000)
  region size 1024K, 7 young (7168K), 7 survivors (7168K)
 Metaspace       used 82252K, committed 82880K, reserved 1122304K
  class space    used 11227K, committed 11520K, reserved 1048576K
}
Event: 6.542 GC heap before
{Heap before GC invocations=46 (full 0):
 garbage-first heap   total 164864K, used 88550K [0x0000000080000000, 0x0000000100000000)
  region size 1024K, 8 young (8192K), 7 survivors (7168K)
 Metaspace       used 82322K, committed 83072K, reserved 1122304K
  class space    used 11239K, committed 11584K, reserved 1048576K
}
Event: 6.547 GC heap after
{Heap after GC invocations=47 (full 0):
 garbage-first heap   total 164864K, used 88008K [0x0000000080000000, 0x0000000100000000)
  region size 1024K, 1 young (1024K), 1 survivors (1024K)
 Metaspace       used 82322K, committed 83072K, reserved 1122304K
  class space    used 11239K, committed 11584K, reserved 1048576K
}
Event: 6.879 GC heap before
{Heap before GC invocations=47 (full 0):
 garbage-first heap   total 164864K, used 134088K [0x0000000080000000, 0x0000000100000000)
  region size 1024K, 46 young (47104K), 1 survivors (1024K)
 Metaspace       used 85892K, committed 86528K, reserved 1130496K
  class space    used 11807K, committed 12096K, reserved 1048576K
}
Event: 6.882 GC heap after
{Heap after GC invocations=48 (full 0):
 garbage-first heap   total 371712K, used 89732K [0x0000000080000000, 0x0000000100000000)
  region size 1024K, 3 young (3072K), 3 survivors (3072K)
 Metaspace       used 85892K, committed 86528K, reserved 1130496K
  class space    used 11807K, committed 12096K, reserved 1048576K
}

