# JRE version: OpenJDK Runtime Environment (17.0.6) (build 17.0.6+0-b2043.56-10027231)
# Java VM: OpenJDK 64-Bit Server VM (17.0.6+0-b2043.56-10027231, mixed mode, tiered, compressed oops, compressed class ptrs, g1 gc, windows-amd64)
GC Precious Log:
 CPUs: 12 total, 12 available
 Memory: 15791M
 Large Page Support: Disabled
 NUMA Support: Disabled
 Compressed Oops: Enabled (32-bit)
 Heap Region Size: 1M
 Heap Min Capacity: 8M
 Heap Initial Capacity: 248M
 Heap Max Capacity: 2G
 Pre-touch: Disabled
 Parallel Workers: 10
 Concurrent Workers: 3
 Concurrent Refinement Workers: 10
 Periodic GC: Disabled
Heap:
 garbage-first heap   total 257024K, used 158270K [0x0000000080000000, 0x0000000100000000)
  region size 1024K, 10 young (10240K), 10 survivors (10240K)
 Metaspace       used 109011K, committed 109888K, reserved 1146880K
  class space    used 14909K, committed 15296K, reserved 1048576K
GC Heap History (20 events):
Event: 6.063 GC heap after
{Heap after GC invocations=44 (full 0):
 garbage-first heap   total 153600K, used 83554K [0x0000000080000000, 0x0000000100000000)
  region size 1024K, 5 young (5120K), 5 survivors (5120K)
 Metaspace       used 79206K, committed 79936K, reserved 1122304K
  class space    used 10798K, committed 11136K, reserved 1048576K
}
Event: 6.068 GC heap before
{Heap before GC invocations=44 (full 0):
 garbage-first heap   total 153600K, used 85602K [0x0000000080000000, 0x0000000100000000)
  region size 1024K, 7 young (7168K), 5 survivors (5120K)
 Metaspace       used 79223K, committed 79936K, reserved 1122304K
  class space    used 10800K, committed 11136K, reserved 1048576K
}
Event: 6.071 GC heap after
{Heap after GC invocations=45 (full 0):
 garbage-first heap   total 257024K, used 83835K [0x0000000080000000, 0x0000000100000000)
  region size 1024K, 1 young (1024K), 1 survivors (1024K)
 Metaspace       used 79223K, committed 79936K, reserved 1122304K
  class space    used 10800K, committed 11136K, reserved 1048576K
}
Event: 7.000 GC heap before
{Heap before GC invocations=45 (full 0):
 garbage-first heap   total 257024K, used 198523K [0x0000000080000000, 0x0000000100000000)
  region size 1024K, 113 young (115712K), 1 survivors (1024K)
 Metaspace       used 87769K, committed 88448K, reserved 1130496K
  class space    used 12044K, committed 12352K, reserved 1048576K
}
Event: 7.004 GC heap after
{Heap after GC invocations=46 (full 0):
 garbage-first heap   total 257024K, used 91267K [0x0000000080000000, 0x0000000100000000)
  region size 1024K, 9 young (9216K), 9 survivors (9216K)
 Metaspace       used 87769K, committed 88448K, reserved 1130496K
  class space    used 12044K, committed 12352K, reserved 1048576K
}
Event: 7.650 GC heap before
{Heap before GC invocations=46 (full 0):
 garbage-first heap   total 257024K, used 195715K [0x0000000080000000, 0x0000000100000000)
  region size 1024K, 111 young (113664K), 9 survivors (9216K)
 Metaspace       used 91289K, committed 91968K, reserved 1130496K
  class space    used 12626K, committed 12928K, reserved 1048576K
}
Event: 7.660 GC heap after
{Heap after GC invocations=47 (full 0):
 garbage-first heap   total 257024K, used 104808K [0x0000000080000000, 0x0000000100000000)
  region size 1024K, 14 young (14336K), 14 survivors (14336K)
 Metaspace       used 91289K, committed 91968K, reserved 1130496K
  class space    used 12626K, committed 12928K, reserved 1048576K
}
Event: 102.121 GC heap before
{Heap before GC invocations=47 (full 0):
 garbage-first heap   total 257024K, used 202088K [0x0000000080000000, 0x0000000100000000)
  region size 1024K, 105 young (107520K), 14 survivors (14336K)
 Metaspace       used 95517K, committed 96320K, reserved 1138688K
  class space    used 13100K, committed 13504K, reserved 1048576K
}
Event: 102.130 GC heap after
{Heap after GC invocations=48 (full 0):
 garbage-first heap   total 257024K, used 112540K [0x0000000080000000, 0x0000000100000000)
  region size 1024K, 9 young (9216K), 9 survivors (9216K)
 Metaspace       used 95517K, committed 96320K, reserved 1138688K
  class space    used 13100K, committed 13504K, reserved 1048576K
}
Event: 102.914 GC heap before
{Heap before GC invocations=48 (full 0):
 garbage-first heap   total 257024K, used 200604K [0x0000000080000000, 0x0000000100000000)
  region size 1024K, 96 young (98304K), 9 survivors (9216K)
 Metaspace       used 100743K, committed 101568K, reserved 1138688K
  class space    used 13815K, committed 14208K, reserved 1048576K
}
Event: 102.922 GC heap after
{Heap after GC invocations=49 (full 0):
 garbage-first heap   total 257024K, used 121431K [0x0000000080000000, 0x0000000100000000)
  region size 1024K, 9 young (9216K), 9 survivors (9216K)
 Metaspace       used 100743K, committed 101568K, reserved 1138688K
  class space    used 13815K, committed 14208K, reserved 1048576K
}
Event: 103.181 GC heap before
{Heap before GC invocations=49 (full 0):
 garbage-first heap   total 257024K, used 204375K [0x0000000080000000, 0x0000000100000000)
  region size 1024K, 91 young (93184K), 9 survivors (9216K)
 Metaspace       used 101207K, committed 102080K, reserved 1138688K
  class space    used 13865K, committed 14272K, reserved 1048576K
}
Event: 103.189 GC heap after
{Heap after GC invocations=50 (full 0):
 garbage-first heap   total 257024K, used 128292K [0x0000000080000000, 0x0000000100000000)
  region size 1024K, 7 young (7168K), 7 survivors (7168K)
 Metaspace       used 101207K, committed 102080K, reserved 1138688K
  class space    used 13865K, committed 14272K, reserved 1048576K
}
Event: 103.400 GC heap before
{Heap before GC invocations=50 (full 0):
 garbage-first heap   total 257024K, used 206116K [0x0000000080000000, 0x0000000100000000)
  region size 1024K, 84 young (86016K), 7 survivors (7168K)
 Metaspace       used 101494K, committed 102336K, reserved 1138688K
  class space    used 13868K, committed 14272K, reserved 1048576K
}
Event: 103.406 GC heap after
{Heap after GC invocations=51 (full 0):
 garbage-first heap   total 257024K, used 133120K [0x0000000080000000, 0x0000000100000000)
  region size 1024K, 5 young (5120K), 5 survivors (5120K)
 Metaspace       used 101494K, committed 102336K, reserved 1138688K
  class space    used 13868K, committed 14272K, reserved 1048576K
}
Event: 103.812 GC heap before
{Heap before GC invocations=51 (full 0):
 garbage-first heap   total 257024K, used 209920K [0x0000000080000000, 0x0000000100000000)
  region size 1024K, 81 young (82944K), 5 survivors (5120K)
 Metaspace       used 106611K, committed 107520K, reserved 1146880K
  class space    used 14567K, committed 14976K, reserved 1048576K
}
Event: 103.819 GC heap after
{Heap after GC invocations=52 (full 0):
 garbage-first heap   total 257024K, used 138654K [0x0000000080000000, 0x0000000100000000)
  region size 1024K, 11 young (11264K), 11 survivors (11264K)
 Metaspace       used 106611K, committed 107520K, reserved 1146880K
  class space    used 14567K, committed 14976K, reserved 1048576K
}
Event: 103.953 GC heap before
{Heap before GC invocations=52 (full 0):
 garbage-first heap   total 257024K, used 211358K [0x0000000080000000, 0x0000000100000000)
  region size 1024K, 83 young (84992K), 11 survivors (11264K)
 Metaspace       used 108221K, committed 109056K, reserved 1146880K
  class space    used 14799K, committed 15168K, reserved 1048576K
}
Event: 103.960 GC heap after
{Heap after GC invocations=53 (full 0):
 garbage-first heap   total 257024K, used 145115K [0x0000000080000000, 0x0000000100000000)
  region size 1024K, 11 young (11264K), 11 survivors (11264K)
 Metaspace       used 108221K, committed 109056K, reserved 1146880K
  class space    used 14799K, committed 15168K, reserved 1048576K
}
Event: 104.023 GC heap before
{Heap before GC invocations=53 (full 0):
 garbage-first heap   total 257024K, used 211675K [0x0000000080000000, 0x0000000100000000)
  region size 1024K, 77 young (78848K), 11 survivors (11264K)
 Metaspace       used 109011K, committed 109888K, reserved 1146880K
  class space    used 14909K, committed 15296K, reserved 1048576K
}

