# JRE version: OpenJDK Runtime Environment (17.0.6) (build 17.0.6+0-b2043.56-10027231)
# Java VM: OpenJDK 64-Bit Server VM (17.0.6+0-b2043.56-10027231, mixed mode, tiered, compressed oops, compressed class ptrs, g1 gc, windows-amd64)
GC Precious Log:
 CPUs: 12 total, 12 available
 Memory: 15791M
 Large Page Support: Disabled
 NUMA Support: Disabled
 Compressed Oops: Enabled (Zero based)
 Heap Region Size: 2M
 Heap Min Capacity: 8M
 Heap Initial Capacity: 8M
 Heap Max Capacity: 3948M
 Pre-touch: Disabled
 Parallel Workers: 10
 Concurrent Workers: 3
 Concurrent Refinement Workers: 10
 Periodic GC: Disabled
Heap:
 garbage-first heap   total 30720K, used 10823K [0x0000000709400000, 0x0000000800000000)
  region size 2048K, 5 young (10240K), 1 survivors (2048K)
 Metaspace       used 10164K, committed 10432K, reserved 1064960K
  class space    used 1014K, committed 1152K, reserved 1048576K
GC Heap History (18 events):
Event: 0.118 GC heap before
{Heap before GC invocations=0 (full 0):
 garbage-first heap   total 8192K, used 2048K [0x0000000709400000, 0x0000000800000000)
  region size 2048K, 1 young (2048K), 0 survivors (0K)
 Metaspace       used 6301K, committed 6464K, reserved 1056768K
  class space    used 554K, committed 640K, reserved 1048576K
}
Event: 0.119 GC heap after
{Heap after GC invocations=1 (full 0):
 garbage-first heap   total 8192K, used 960K [0x0000000709400000, 0x0000000800000000)
  region size 2048K, 1 young (2048K), 1 survivors (2048K)
 Metaspace       used 6301K, committed 6464K, reserved 1056768K
  class space    used 554K, committed 640K, reserved 1048576K
}
Event: 0.165 GC heap before
{Heap before GC invocations=1 (full 0):
 garbage-first heap   total 8192K, used 960K [0x0000000709400000, 0x0000000800000000)
  region size 2048K, 2 young (4096K), 1 survivors (2048K)
 Metaspace       used 7633K, committed 7808K, reserved 1056768K
  class space    used 709K, committed 832K, reserved 1048576K
}
Event: 0.167 GC heap after
{Heap after GC invocations=2 (full 0):
 garbage-first heap   total 8192K, used 1109K [0x0000000709400000, 0x0000000800000000)
  region size 2048K, 1 young (2048K), 1 survivors (2048K)
 Metaspace       used 7633K, committed 7808K, reserved 1056768K
  class space    used 709K, committed 832K, reserved 1048576K
}
Event: 0.211 GC heap before
{Heap before GC invocations=2 (full 0):
 garbage-first heap   total 8192K, used 1109K [0x0000000709400000, 0x0000000800000000)
  region size 2048K, 2 young (4096K), 1 survivors (2048K)
 Metaspace       used 8711K, committed 8896K, reserved 1056768K
  class space    used 834K, committed 896K, reserved 1048576K
}
Event: 0.213 GC heap after
{Heap after GC invocations=3 (full 0):
 garbage-first heap   total 8192K, used 1641K [0x0000000709400000, 0x0000000800000000)
  region size 2048K, 1 young (2048K), 1 survivors (2048K)
 Metaspace       used 8711K, committed 8896K, reserved 1056768K
  class space    used 834K, committed 896K, reserved 1048576K
}
Event: 0.239 GC heap before
{Heap before GC invocations=3 (full 0):
 garbage-first heap   total 8192K, used 1641K [0x0000000709400000, 0x0000000800000000)
  region size 2048K, 2 young (4096K), 1 survivors (2048K)
 Metaspace       used 9090K, committed 9344K, reserved 1064960K
  class space    used 891K, committed 1024K, reserved 1048576K
}
Event: 0.242 GC heap after
{Heap after GC invocations=4 (full 0):
 garbage-first heap   total 8192K, used 2683K [0x0000000709400000, 0x0000000800000000)
  region size 2048K, 1 young (2048K), 1 survivors (2048K)
 Metaspace       used 9090K, committed 9344K, reserved 1064960K
  class space    used 891K, committed 1024K, reserved 1048576K
}
Event: 0.271 GC heap before
{Heap before GC invocations=4 (full 0):
 garbage-first heap   total 8192K, used 2683K [0x0000000709400000, 0x0000000800000000)
  region size 2048K, 2 young (4096K), 1 survivors (2048K)
 Metaspace       used 9363K, committed 9664K, reserved 1064960K
  class space    used 932K, committed 1088K, reserved 1048576K
}
Event: 0.273 GC heap after
{Heap after GC invocations=5 (full 0):
 garbage-first heap   total 16384K, used 3168K [0x0000000709400000, 0x0000000800000000)
  region size 2048K, 1 young (2048K), 1 survivors (2048K)
 Metaspace       used 9363K, committed 9664K, reserved 1064960K
  class space    used 932K, committed 1088K, reserved 1048576K
}
Event: 0.291 GC heap before
{Heap before GC invocations=5 (full 0):
 garbage-first heap   total 16384K, used 5216K [0x0000000709400000, 0x0000000800000000)
  region size 2048K, 2 young (4096K), 1 survivors (2048K)
 Metaspace       used 9552K, committed 9856K, reserved 1064960K
  class space    used 964K, committed 1088K, reserved 1048576K
}
Event: 0.292 GC heap after
{Heap after GC invocations=6 (full 0):
 garbage-first heap   total 16384K, used 3218K [0x0000000709400000, 0x0000000800000000)
  region size 2048K, 1 young (2048K), 1 survivors (2048K)
 Metaspace       used 9552K, committed 9856K, reserved 1064960K
  class space    used 964K, committed 1088K, reserved 1048576K
}
Event: 0.313 GC heap before
{Heap before GC invocations=6 (full 0):
 garbage-first heap   total 16384K, used 5266K [0x0000000709400000, 0x0000000800000000)
  region size 2048K, 2 young (4096K), 1 survivors (2048K)
 Metaspace       used 9880K, committed 10112K, reserved 1064960K
  class space    used 998K, committed 1088K, reserved 1048576K
}
Event: 0.315 GC heap after
{Heap after GC invocations=7 (full 0):
 garbage-first heap   total 16384K, used 3887K [0x0000000709400000, 0x0000000800000000)
  region size 2048K, 1 young (2048K), 1 survivors (2048K)
 Metaspace       used 9880K, committed 10112K, reserved 1064960K
  class space    used 998K, committed 1088K, reserved 1048576K
}
Event: 0.336 GC heap before
{Heap before GC invocations=7 (full 0):
 garbage-first heap   total 16384K, used 5935K [0x0000000709400000, 0x0000000800000000)
  region size 2048K, 2 young (4096K), 1 survivors (2048K)
 Metaspace       used 9978K, committed 10240K, reserved 1064960K
  class space    used 1003K, committed 1088K, reserved 1048576K
}
Event: 0.337 GC heap after
{Heap after GC invocations=8 (full 0):
 garbage-first heap   total 16384K, used 4118K [0x0000000709400000, 0x0000000800000000)
  region size 2048K, 1 young (2048K), 1 survivors (2048K)
 Metaspace       used 9978K, committed 10240K, reserved 1064960K
  class space    used 1003K, committed 1088K, reserved 1048576K
}
Event: 0.358 GC heap before
{Heap before GC invocations=8 (full 0):
 garbage-first heap   total 16384K, used 8214K [0x0000000709400000, 0x0000000800000000)
  region size 2048K, 3 young (6144K), 1 survivors (2048K)
 Metaspace       used 10089K, committed 10368K, reserved 1064960K
  class space    used 1007K, committed 1088K, reserved 1048576K
}
Event: 0.360 GC heap after
{Heap after GC invocations=9 (full 0):
 garbage-first heap   total 30720K, used 4679K [0x0000000709400000, 0x0000000800000000)
  region size 2048K, 1 young (2048K), 1 survivors (2048K)
 Metaspace       used 10089K, committed 10368K, reserved 1064960K
  class space    used 1007K, committed 1088K, reserved 1048576K
}

